This is pdfTeX, Version 3.141592653-2.6-1.40.23 (TeX Live 2021/W32TeX) (preloaded format=pdflatex 2022.2.7)  7 DEC 2022 16:13
entering extended mode
 restricted \write18 enabled.
 %&-line parsing enabled.
**P:/OFPSAM/Cty_status_reports/ISNRs/Country_TFAR/2023/Report_template/Tables/table1_FR.tex
(p:/OFPSAM/Cty_status_reports/ISNRs/Country_TFAR/2023/Report_template/Tables/table1_FR.tex
LaTeX2e <2021-11-15> patch level 1
L3 programming layer <2022-02-05>

! LaTeX Error: Environment longtable undefined.

See the LaTeX manual or LaTeX Companion for explanation.
Type  H <return>  for immediate help.
 ...                                              
                                                  
l.2 \begin{longtable}
                     {p{5cm}p{10cm}} 
Here is how much of TeX's memory you used:
 22 strings out of 480238
 861 string characters out of 5894354
 284148 words of memory out of 5000000
 18071 multiletter control sequences out of 15000+600000
 469558 words of font info for 29 fonts, out of 8000000 for 9000
 14 hyphenation exceptions out of 8191
 13i,0n,12p,163b,56s stack positions out of 5000i,500n,10000p,200000b,80000s

!  ==> Fatal error occurred, no output PDF file produced!
